<?xml version="1.0" encoding="UTF-8"?>
<!-- Generated by org.testng.reporters.JUnitReportReporter -->
<testsuite skipped="0" hostname="TheDreamer" name="testngConcept.LearningTestNG" tests="3" failures="0" timestamp="2023-04-07T15:01:17 CDT" time="12.621" errors="0">
  <testcase name="UserCantAdd" time="6.181" classname="testngConcept.LearningTestNG"/>
  <system-out/>
  <testcase name="UserAddCategory" time="3.029" classname="testngConcept.LearningTestNG"/>
  <system-out/>
  <testcase name="SelectDropDown" time="3.411" classname="testngConcept.LearningTestNG"/>
  <system-out/>
</testsuite> <!-- testngConcept.LearningTestNG -->
